<?xml version="1.0" encoding="UTF-8"?>
<testsuites tests="7" failures="5" errors="0" skipped="0">
  <testsuite name="Trello Account Management" timestamp="2024-11-07T13:51:55" time="87.619" tests="7" failures="5" errors="0" skipped="0">
    <properties>
      <property name="specId" value="0"/>
      <property name="featureName" value="Trello Account Management"/>
      <property name="capabilities" value="safari.18_0_1.macos"/>
      <property name="featureFile" value="file://./src/features/trello.tests.feature"/>
    </properties>
    <testcase classname="CucumberJUnitReport-safari.18_0_1.macos.Trello Account Management" name="User signs in to an existing Trello account" time="9.105">
      <system-out><![CDATA[
✅ Given the user is on the Trello sign-in page✅ When the user enters their email and clicks the 'Continue' button✅ Then the user should see the password field✅ When the user enters their password and clicks the 'Log in' button✅ Then the user should be redirected to their Trello boards page
]]></system-out>
    </testcase>
    <testcase classname="CucumberJUnitReport-safari.18_0_1.macos.Trello Account Management" name="Create a new board" time="10.13">
      <system-out><![CDATA[
✅ Given the user is on the Trello dashboard✅ When the user clicks on the 'Create' button✅ Then the user should see a create board options list✅ When the user clicks on the 'Create board' button✅ Then the user should see create board menu✅ When the user enters a title for the board and clicks 'Create' button✅ Then the new board should be created and navigated to it
]]></system-out>
    </testcase>
    <testcase classname="CucumberJUnitReport-safari.18_0_1.macos.Trello Account Management" name="Create a list on a board" time="14.24">
      <failure message="Error: element (&quot;//form[@class=&quot;vVqwaYKVgTygrk&quot;]//textarea[@data-testid=&quot;list-name-textarea&quot;]&quot;) still not displayed after 8000ms"/>
      <system-out><![CDATA[
✅ Given the user is viewing a specific Trello board✅ When the user clicks on the '+ Add List' button❗ Then the user should see list name field⚠️ When the user enters a list name and clicks on the 'Add list' button
⚠️ Then the new list should appear on the board

]]></system-out>
      <system-err><![CDATA[
Error: element ("//form[@class="vVqwaYKVgTygrk"]//textarea[@data-testid="list-name-textarea"]") still not displayed after 8000ms
    at <anonymous> (/Users/bogdan_mykhailov/Documents/bogdan_work/gherkin/node_modules/@wdio/runner/node_modules/webdriverio/build/index.js:4680:15)
    at Element.wrapCommandFn (/Users/bogdan_mykhailov/Documents/bogdan_work/gherkin/node_modules/@wdio/utils/build/index.js:1380:23)
    at Element.elementErrorHandlerCallbackFn (/Users/bogdan_mykhailov/Documents/bogdan_work/gherkin/node_modules/@wdio/runner/node_modules/webdriverio/build/index.js:6872:24)
    at Element.wrapCommandFn (/Users/bogdan_mykhailov/Documents/bogdan_work/gherkin/node_modules/@wdio/utils/build/index.js:1380:23)
    at Element.wrapCommandFn (/Users/bogdan_mykhailov/Documents/bogdan_work/gherkin/node_modules/@wdio/utils/build/index.js:1380:23)
    at Element.elementErrorHandlerCallbackFn (/Users/bogdan_mykhailov/Documents/bogdan_work/gherkin/node_modules/@wdio/runner/node_modules/webdriverio/build/index.js:6872:24)
    at Element.wrapCommandFn (/Users/bogdan_mykhailov/Documents/bogdan_work/gherkin/node_modules/@wdio/utils/build/index.js:1380:23)
    at async World.<anonymous> (/Users/bogdan_mykhailov/Documents/bogdan_work/gherkin/src/step-definitions/createBoardList.steps.js:22:3)
]]></system-err>
    </testcase>
    <testcase classname="CucumberJUnitReport-safari.18_0_1.macos.Trello Account Management" name="Create a card on a list" time="19.428">
      <failure message="Error: element (&quot;//li[@data-testid=&quot;list-wrapper&quot;][last()]//textarea[@data-testid=&quot;list-card-composer-textarea&quot;]&quot;) still not displayed after 8000ms"/>
      <system-out><![CDATA[
✅ Given the user has a list on a Trello board✅ When the user clicks on the '+ Add a card' button❗ Then the user should see a new card field⚠️ When the user enters a card name and clicks on the 'Add a card' button
⚠️ Then the new card should be added to the list

]]></system-out>
      <system-err><![CDATA[
Error: element ("//li[@data-testid="list-wrapper"][last()]//textarea[@data-testid="list-card-composer-textarea"]") still not displayed after 8000ms
    at <anonymous> (/Users/bogdan_mykhailov/Documents/bogdan_work/gherkin/node_modules/@wdio/runner/node_modules/webdriverio/build/index.js:4680:15)
    at Element.wrapCommandFn (/Users/bogdan_mykhailov/Documents/bogdan_work/gherkin/node_modules/@wdio/utils/build/index.js:1380:23)
    at Element.elementErrorHandlerCallbackFn (/Users/bogdan_mykhailov/Documents/bogdan_work/gherkin/node_modules/@wdio/runner/node_modules/webdriverio/build/index.js:6872:24)
    at Element.wrapCommandFn (/Users/bogdan_mykhailov/Documents/bogdan_work/gherkin/node_modules/@wdio/utils/build/index.js:1380:23)
    at Element.wrapCommandFn (/Users/bogdan_mykhailov/Documents/bogdan_work/gherkin/node_modules/@wdio/utils/build/index.js:1380:23)
    at Element.elementErrorHandlerCallbackFn (/Users/bogdan_mykhailov/Documents/bogdan_work/gherkin/node_modules/@wdio/runner/node_modules/webdriverio/build/index.js:6872:24)
    at Element.wrapCommandFn (/Users/bogdan_mykhailov/Documents/bogdan_work/gherkin/node_modules/@wdio/utils/build/index.js:1380:23)
    at async World.<anonymous> (/Users/bogdan_mykhailov/Documents/bogdan_work/gherkin/src/step-definitions/createListCard.steps.js:24:3)
]]></system-err>
    </testcase>
    <testcase classname="CucumberJUnitReport-safari.18_0_1.macos.Trello Account Management" name="Search for a board" time="9.106">
      <failure message="Error: Search popup did not appear in Firefox"/>
      <system-out><![CDATA[
✅ Given the user is on the Trello homepage✅ When the user clicks on the search bar❗ Then the user should see a search popup⚠️ When the user entered the board name
⚠️ Then the relevant board should appear in the search results

]]></system-out>
      <system-err><![CDATA[
Error: Search popup did not appear in Firefox
    at <anonymous> (/Users/bogdan_mykhailov/Documents/bogdan_work/gherkin/node_modules/@wdio/runner/node_modules/webdriverio/build/index.js:4680:15)
    at Browser.wrapCommandFn (/Users/bogdan_mykhailov/Documents/bogdan_work/gherkin/node_modules/@wdio/utils/build/index.js:1380:23)
    at async World.<anonymous> (/Users/bogdan_mykhailov/Documents/bogdan_work/gherkin/src/step-definitions/searchBoard.steps.js:22:3)
]]></system-err>
    </testcase>
    <testcase classname="CucumberJUnitReport-safari.18_0_1.macos.Trello Account Management" name="Edit user profile information" time="9.024">
      <failure message="Error: element (&quot;div[data-testid=&quot;account-menu&quot;]&quot;) still not displayed after 8000ms"/>
      <system-out><![CDATA[
✅ Given the user on the Trello boards page✅ When the user click on account icon❗ Then the user should see a account menu⚠️ When the user click on Profile and visibility button
⚠️ Then the user navigates to the profile settings
⚠️ When the user update their profile information and click save button
⚠️ Then the changes should be saved successfully, and the user will see an alert

]]></system-out>
      <system-err><![CDATA[
Error: element ("div[data-testid="account-menu"]") still not displayed after 8000ms
    at <anonymous> (/Users/bogdan_mykhailov/Documents/bogdan_work/gherkin/node_modules/@wdio/runner/node_modules/webdriverio/build/index.js:4680:15)
    at Element.wrapCommandFn (/Users/bogdan_mykhailov/Documents/bogdan_work/gherkin/node_modules/@wdio/utils/build/index.js:1380:23)
    at Element.elementErrorHandlerCallbackFn (/Users/bogdan_mykhailov/Documents/bogdan_work/gherkin/node_modules/@wdio/runner/node_modules/webdriverio/build/index.js:6872:24)
    at Element.wrapCommandFn (/Users/bogdan_mykhailov/Documents/bogdan_work/gherkin/node_modules/@wdio/utils/build/index.js:1380:23)
    at Element.wrapCommandFn (/Users/bogdan_mykhailov/Documents/bogdan_work/gherkin/node_modules/@wdio/utils/build/index.js:1380:23)
    at Element.elementErrorHandlerCallbackFn (/Users/bogdan_mykhailov/Documents/bogdan_work/gherkin/node_modules/@wdio/runner/node_modules/webdriverio/build/index.js:6872:24)
    at Element.wrapCommandFn (/Users/bogdan_mykhailov/Documents/bogdan_work/gherkin/node_modules/@wdio/utils/build/index.js:1380:23)
    at async World.<anonymous> (/Users/bogdan_mykhailov/Documents/bogdan_work/gherkin/src/step-definitions/editProfile.steps.js:22:3)
]]></system-err>
    </testcase>
    <testcase classname="CucumberJUnitReport-safari.18_0_1.macos.Trello Account Management" name="Edit workspace details" time="16.535">
      <failure message="webdriverio(middleware): element did not become interactable: Element &lt;a href=&quot;/w/userworkspace36308531/account&quot; class=&quot;oTmCsFlPhDLGz2 undefined RPa_ezCLkUNX1W RdqZOPHqhCnasP QHWKJUQWR9USLJ&quot; data-testid=&quot;home-team-settings-tab&quot;>"/>
      <system-out><![CDATA[
✅ Given the user on Trello boards page❗ When the user press settings button⚠️ Then the user navigates to the Trello workspace settings page
⚠️ When the user press pencil icon
⚠️ Then the user should see a organization detail form
⚠️ When the user enters a new workspace name and click save button
⚠️ Then the workspace title should be updated
]]></system-out>
      <system-err><![CDATA[
webdriverio(middleware): element did not become interactable: Element <a href="/w/userworkspace36308531/account" class="oTmCsFlPhDLGz2 undefined RPa_ezCLkUNX1W RdqZOPHqhCnasP QHWKJUQWR9USLJ" data-testid="home-team-settings-tab">
  <span class="YcdC3OLMMfYkHA">
    <span class="_BwhWIRGqM8j8m">
      <span class="nch-icon A3PtEe1rGIm_yL neoUEAwI0GETBQ _UIYIsCtB2eh_g">
        <span data-testid="GearIcon" data-vc="icon-GearIcon" aria-hidden="true" class="css-snhnyn" style="--icon-primary-color: var(--ds-icon, #42526E); --icon-secondary-color: inherit;">
          <svg width="24" height="24" role="presentation" focusable="false" viewBox="0 0 24 24" xmlns="http://www.w3.org/2000/svg">
            <path fill-rule="evenodd" clip-rule="evenodd" d="M12.0017 17.0009C9.23868 17.0009 6.99968 14.7609 6.99968 11.9989C6.99968 9.23586 9.23868 6.99686 12.0017 6.99686C14.7647 6.99686 17.0037 9.23586 17.0037 11.9989C17.0037 14.7609 14.7647 17.0009 12.0017 17.0009ZM20.3697 13.8839C19.5867 13.6119 19.0237 12.8749 19.0237 11.9989C19.0237 11.1229 19.5867 10.3859 20.3687 10.1139C20.6057 10.0319 20.7517 9.78086 20.6837 9.53986C20.4847 8.83586 20.2017 8.16886 19.8477 7.54686C19.7297 7.33886 19.4707 7.26186 19.2497 7.35186C18.8647 7.50986 18.4197 7.55086 17.9587 7.43286C17.2847 7.25886 16.7337 6.70986 16.5557 6.03686C16.4337 5.57386 16.4747 5.12686 16.6317 4.73986C16.7207 4.51986 16.6437 4.26086 16.4357 4.14286C15.8187 3.79386 15.1567 3.51386 14.4607 3.31686C14.2187 3.24886 13.9687 3.39386 13.8867 3.63086C13.6147 4.41386 12.8777 4.97686 12.0017 4.97686C11.1267 4.97686 10.3887 4.41386 10.1177 3.63186C10.0347 3.39486 9.78368 3.24886 9.54268 3.31686C8.83468 3.51686 8.16368 3.80186 7.53868 4.15886C7.33768 4.27386 7.25268 4.52586 7.34068 4.74086C7.48768 5.10186 7.53268 5.51386 7.43868 5.94386C7.28368 6.64986 6.72468 7.24086 6.02568 7.42786C5.56768 7.55086 5.12768 7.51186 4.74568 7.35986C4.52568 7.27186 4.26768 7.34986 4.15068 7.55586C3.79768 8.17786 3.51568 8.84586 3.31768 9.54986C3.24968 9.78886 3.39268 10.0369 3.62568 10.1219C4.39668 10.3999 4.94868 11.1319 4.94868 11.9989C4.94868 12.8659 4.39668 13.5979 3.62468 13.8759C3.39168 13.9599 3.24968 14.2079 3.31668 14.4469C3.49368 15.0739 3.73868 15.6729 4.03968 16.2369C4.15868 16.4589 4.43468 16.5349 4.66368 16.4299C5.25868 16.1569 6.00668 16.1659 6.76768 16.6679C6.88468 16.7449 6.99268 16.8529 7.06968 16.9689C7.59668 17.7679 7.58168 18.5489 7.26768 19.1559C7.15268 19.3789 7.21968 19.6569 7.43568 19.7839C8.08968 20.1679 8.79768 20.4709 9.54468 20.6809C9.78568 20.7489 10.0337 20.6049 10.1147 20.3679C10.3837 19.5819 11.1237 19.0149 12.0017 19.0149C12.8797 19.0149 13.6197 19.5819 13.8887 20.3679C13.9697 20.6039 14.2177 20.7489 14.4587 20.6809C15.1957 20.4739 15.8947 20.1749 16.5427 19.7979C16.7607 19.6709 16.8267 19.3899 16.7097 19.1669C16.3917 18.5589 16.3727 17.7739 16.9007 16.9719C16.9777 16.8559 17.0857 16.7469 17.2027 16.6699C17.9747 16.1589 18.7297 16.1569 19.3277 16.4399C19.5567 16.5479 19.8357 16.4729 19.9557 16.2499C20.2597 15.6859 20.5047 15.0859 20.6837 14.4569C20.7517 14.2159 20.6067 13.9659 20.3697 13.8839Z" fill="currentColor"></path>
          </svg>
        </span>
      </span>
    </span>
  </span>
  <span class="DD3DlImSMT6fgc XQSLFE3ZZrvms3">Settings</span>
  <span aria-label="External link" role="img" class="YcdC3OLMMfYkHA nmR9D21eNy0mEO">
    <span class="_BwhWIRGqM8j8m">
      <span class="icon-forward icon-sm _BwhWIRGqM8j8m"></span>
    </span>
  </span>
</a> did not become interactable
    at FetchRequest._request (/Users/bogdan_mykhailov/Documents/bogdan_work/gherkin/node_modules/webdriver/build/index.js:1362:19)
    at process.processTicksAndRejections (node:internal/process/task_queues:95:5)
    at Element.wrapCommandFn (/Users/bogdan_mykhailov/Documents/bogdan_work/gherkin/node_modules/@wdio/utils/build/index.js:1380:23)
    at Element.wrapCommandFn (/Users/bogdan_mykhailov/Documents/bogdan_work/gherkin/node_modules/@wdio/utils/build/index.js:1380:23)
    at Element.elementErrorHandlerCallbackFn (/Users/bogdan_mykhailov/Documents/bogdan_work/gherkin/node_modules/@wdio/runner/node_modules/webdriverio/build/index.js:6872:24)
    at Element.wrapCommandFn (/Users/bogdan_mykhailov/Documents/bogdan_work/gherkin/node_modules/@wdio/utils/build/index.js:1380:23)
    at elementClick (/Users/bogdan_mykhailov/Documents/bogdan_work/gherkin/node_modules/@wdio/runner/node_modules/webdriverio/build/index.js:4785:12)
    at Element.wrapCommandFn (/Users/bogdan_mykhailov/Documents/bogdan_work/gherkin/node_modules/@wdio/utils/build/index.js:1380:23)
    at Element.elementErrorHandlerCallbackFn (/Users/bogdan_mykhailov/Documents/bogdan_work/gherkin/node_modules/@wdio/runner/node_modules/webdriverio/build/index.js:6872:24)
    at Element.wrapCommandFn (/Users/bogdan_mykhailov/Documents/bogdan_work/gherkin/node_modules/@wdio/utils/build/index.js:1380:23)
]]></system-err>
    </testcase>
  </testsuite>
</testsuites>